<?xml version="1.0" encoding="UTF-8"?>
<!-- Generated by org.testng.reporters.JUnitReportReporter -->
<testsuite hostname="INGGLW012072A" name="com.bizrate.testsuite.BizrateTestSuite" tests="1" failures="0" timestamp="14 May 2014 06:16:37 GMT" time="27.715" errors="0">
  <testcase name="testMethod" time="27.715" classname="com.bizrate.testsuite.BizrateTestSuite"/>
</testsuite> <!-- com.bizrate.testsuite.BizrateTestSuite -->
