<?xml version="1.0" encoding="UTF-8"?>
<!-- Generated by org.testng.reporters.JUnitReportReporter -->
<testsuite hostname="INGGLW012072A" name="com.testsuite.BizrateTestSuite" tests="13" failures="0" timestamp="8 Apr 2015 06:08:04 GMT" time="189.638" errors="0">
  <testcase name="verifyGoogleInsightSurvey" time="11.347" classname="com.testsuite.BizrateTestSuite"/>
  <testcase name="verifyMerchantPaginations" time="0.548" classname="com.testsuite.BizrateTestSuite"/>
  <testcase name="verifyComscoreGAAbsenceForBot" time="69.634" classname="com.testsuite.BizrateTestSuite"/>
  <testcase name="verifyMerchantPagesForC14N" time="5.221" classname="com.testsuite.BizrateTestSuite"/>
  <testcase name="setup" time="0.013" classname="com.testsuite.BizrateTestSuite"/>
  <testcase name="verifyAttributeInCoolExperience" time="0.300" classname="com.testsuite.BizrateTestSuite"/>
  <testcase name="verifySmileyStatusOnMerchantPages" time="2.697" classname="com.testsuite.BizrateTestSuite"/>
  <testcase name="verifyShoppingAlertButtonAbsence" time="8.081" classname="com.testsuite.BizrateTestSuite"/>
  <testcase name="verifyOverallSatisfactionPodAlignmentIn6E" time="64.231" classname="com.testsuite.BizrateTestSuite"/>
  <testcase name="verifyPageIntroAbsenceFor7Yand8N" time="4.735" classname="com.testsuite.BizrateTestSuite"/>
  <testcase name="verifyGACode" time="9.046" classname="com.testsuite.BizrateTestSuite"/>
  <testcase name="verifyRefineKeyword" time="10.473" classname="com.testsuite.BizrateTestSuite"/>
  <testcase name="verifyNoSlimLayoutForHotPagesSEM" time="3.312" classname="com.testsuite.BizrateTestSuite"/>
</testsuite> <!-- com.testsuite.BizrateTestSuite -->
